stdio    D         file_stdio.c:110  file_stdio_fopen                 [   0.00000] opening C:\Users\roger\Downloads\I2P1_Final_project-master\I2P1_Final_project-master\Code\allegro5.cfg r
system   D            wsystem.c:874  _al_win_safe_load_library        [   0.00000] PathFindOnPath found: C:\WINDOWS\system32\shcore.dll
system   D            wsystem.c:780  load_library_at_path             [   0.00000] Calling LoadLibrary C:\WINDOWS\system32\shcore.dll
system   I            wsystem.c:783  load_library_at_path             [   0.00000] Loaded C:\WINDOWS\system32\shcore.dll
system   I             system.c:271  al_install_system                [   0.00000] Allegro version: 5.2.7
audio-dsound I           dsound.cpp:271  _dsound_open                     [   0.00059] Starting DirectSound...
audio-dsound D           dsound.cpp:280  _dsound_open                     [   0.06395] DirectSoundCreate8 succeeded
audio-dsound I           dsound.cpp:73   get_window                       [   0.06421] Using desktop window: 0000000000010010
audio    I              audio.c:347  do_install_audio                 [   0.06456] Using DirectSound driver
system   D            wsystem.c:874  _al_win_safe_load_library        [   0.06497] PathFindOnPath found: C:\WINDOWS\system32\d3d9.dll
system   D            wsystem.c:780  load_library_at_path             [   0.06503] Calling LoadLibrary C:\WINDOWS\system32\d3d9.dll
system   I            wsystem.c:783  load_library_at_path             [   0.06849] Loaded C:\WINDOWS\system32\d3d9.dll
d3d      I         d3d_disp.cpp:684  d3d_init_display                 [   0.09648] Render-to-texture: 1
d3d      I         d3d_disp.cpp:1782 d3d_create_display_locked        [   0.09875] faux_fullscreen=0
d3d      D         d3d_disp.cpp:1783 d3d_create_display_locked        [   0.09884] al_display=00000000027a3fd0
d3d      D         d3d_disp.cpp:1784 d3d_create_display_locked        [   0.09889] al_display->vt=000000000070edc0
d3d      I d3d_display_formats.cpp:144  _al_d3d_generate_display_format_list [   0.10136] found 64 format combinations
display  D   display_settings.c:212  debug_display_settings           [   0.10143] color: 32 (rgba 8880), depth: 0, stencil: 0, acc: 0000, samples: 0/0
display  D   display_settings.c:527  _al_score_display_settings       [   0.10147] Score is : 897
display  D   display_settings.c:212  debug_display_settings           [   0.10150] color: 32 (rgba 8880), depth: 0, stencil: 0, acc: 0000, samples: 0/0
display  D   display_settings.c:527  _al_score_display_settings       [   0.10153] Score is : 897
display  D   display_settings.c:212  debug_display_settings           [   0.10155] color: 32 (rgba 8880), depth: 24, stencil: 8, acc: 0000, samples: 0/0
display  D   display_settings.c:527  _al_score_display_settings       [   0.10158] Score is : 897
display  D   display_settings.c:212  debug_display_settings           [   0.10161] color: 32 (rgba 8880), depth: 24, stencil: 8, acc: 0000, samples: 0/0
display  D   display_settings.c:527  _al_score_display_settings       [   0.10164] Score is : 897
display  D   display_settings.c:212  debug_display_settings           [   0.10167] color: 32 (rgba 8880), depth: 24, stencil: 0, acc: 0000, samples: 0/0
display  D   display_settings.c:527  _al_score_display_settings       [   0.10169] Score is : 897
display  D   display_settings.c:212  debug_display_settings           [   0.10172] color: 32 (rgba 8880), depth: 24, stencil: 0, acc: 0000, samples: 0/0
display  D   display_settings.c:527  _al_score_display_settings       [   0.10175] Score is : 897
display  D   display_settings.c:212  debug_display_settings           [   0.10178] color: 32 (rgba 8880), depth: 16, stencil: 0, acc: 0000, samples: 0/0
display  D   display_settings.c:527  _al_score_display_settings       [   0.10180] Score is : 897
display  D   display_settings.c:212  debug_display_settings           [   0.10183] color: 32 (rgba 8880), depth: 16, stencil: 0, acc: 0000, samples: 0/0
display  D   display_settings.c:527  _al_score_display_settings       [   0.10186] Score is : 897
display  D   display_settings.c:212  debug_display_settings           [   0.10195] color: 16 (rgba 5650), depth: 0, stencil: 0, acc: 0000, samples: 0/0
display  D   display_settings.c:527  _al_score_display_settings       [   0.10199] Score is : 897
display  D   display_settings.c:212  debug_display_settings           [   0.10201] color: 16 (rgba 5650), depth: 0, stencil: 0, acc: 0000, samples: 0/0
display  D   display_settings.c:527  _al_score_display_settings       [   0.10204] Score is : 897
display  D   display_settings.c:212  debug_display_settings           [   0.10207] color: 16 (rgba 5650), depth: 24, stencil: 8, acc: 0000, samples: 0/0
display  D   display_settings.c:527  _al_score_display_settings       [   0.10210] Score is : 897
display  D   display_settings.c:212  debug_display_settings           [   0.10212] color: 16 (rgba 5650), depth: 24, stencil: 8, acc: 0000, samples: 0/0
display  D   display_settings.c:527  _al_score_display_settings       [   0.10215] Score is : 897
display  D   display_settings.c:212  debug_display_settings           [   0.10218] color: 16 (rgba 5650), depth: 24, stencil: 0, acc: 0000, samples: 0/0
display  D   display_settings.c:527  _al_score_display_settings       [   0.10223] Score is : 897
display  D   display_settings.c:212  debug_display_settings           [   0.10227] color: 16 (rgba 5650), depth: 24, stencil: 0, acc: 0000, samples: 0/0
display  D   display_settings.c:527  _al_score_display_settings       [   0.10233] Score is : 897
display  D   display_settings.c:212  debug_display_settings           [   0.10236] color: 16 (rgba 5650), depth: 16, stencil: 0, acc: 0000, samples: 0/0
display  D   display_settings.c:527  _al_score_display_settings       [   0.10239] Score is : 897
display  D   display_settings.c:212  debug_display_settings           [   0.10242] color: 16 (rgba 5650), depth: 16, stencil: 0, acc: 0000, samples: 0/0
display  D   display_settings.c:527  _al_score_display_settings       [   0.10247] Score is : 897
display  D   display_settings.c:212  debug_display_settings           [   0.10251] color: 32 (rgba 8880), depth: 0, stencil: 0, acc: 0000, samples: 0/0
display  D   display_settings.c:398  _al_score_display_settings       [   0.10256] Single Buffer requirement not met.
display  D   display_settings.c:212  debug_display_settings           [   0.10261] color: 32 (rgba 8880), depth: 0, stencil: 0, acc: 0000, samples: 0/0
display  D   display_settings.c:398  _al_score_display_settings       [   0.10266] Single Buffer requirement not met.
display  D   display_settings.c:212  debug_display_settings           [   0.10270] color: 32 (rgba 8880), depth: 24, stencil: 8, acc: 0000, samples: 0/0
display  D   display_settings.c:398  _al_score_display_settings       [   0.10274] Single Buffer requirement not met.
display  D   display_settings.c:212  debug_display_settings           [   0.10277] color: 32 (rgba 8880), depth: 24, stencil: 8, acc: 0000, samples: 0/0
display  D   display_settings.c:398  _al_score_display_settings       [   0.10280] Single Buffer requirement not met.
display  D   display_settings.c:212  debug_display_settings           [   0.10282] color: 32 (rgba 8880), depth: 24, stencil: 0, acc: 0000, samples: 0/0
display  D   display_settings.c:398  _al_score_display_settings       [   0.10285] Single Buffer requirement not met.
display  D   display_settings.c:212  debug_display_settings           [   0.10288] color: 32 (rgba 8880), depth: 24, stencil: 0, acc: 0000, samples: 0/0
display  D   display_settings.c:398  _al_score_display_settings       [   0.10291] Single Buffer requirement not met.
display  D   display_settings.c:212  debug_display_settings           [   0.10294] color: 32 (rgba 8880), depth: 16, stencil: 0, acc: 0000, samples: 0/0
display  D   display_settings.c:398  _al_score_display_settings       [   0.10296] Single Buffer requirement not met.
display  D   display_settings.c:212  debug_display_settings           [   0.10299] color: 32 (rgba 8880), depth: 16, stencil: 0, acc: 0000, samples: 0/0
display  D   display_settings.c:398  _al_score_display_settings       [   0.10302] Single Buffer requirement not met.
display  D   display_settings.c:212  debug_display_settings           [   0.10305] color: 16 (rgba 5650), depth: 0, stencil: 0, acc: 0000, samples: 0/0
display  D   display_settings.c:398  _al_score_display_settings       [   0.10308] Single Buffer requirement not met.
display  D   display_settings.c:212  debug_display_settings           [   0.10311] color: 16 (rgba 5650), depth: 0, stencil: 0, acc: 0000, samples: 0/0
display  D   display_settings.c:398  _al_score_display_settings       [   0.10314] Single Buffer requirement not met.
display  D   display_settings.c:212  debug_display_settings           [   0.10316] color: 16 (rgba 5650), depth: 24, stencil: 8, acc: 0000, samples: 0/0
display  D   display_settings.c:398  _al_score_display_settings       [   0.10320] Single Buffer requirement not met.
display  D   display_settings.c:212  debug_display_settings           [   0.10323] color: 16 (rgba 5650), depth: 24, stencil: 8, acc: 0000, samples: 0/0
display  D   display_settings.c:398  _al_score_display_settings       [   0.10326] Single Buffer requirement not met.
display  D   display_settings.c:212  debug_display_settings           [   0.10329] color: 16 (rgba 5650), depth: 24, stencil: 0, acc: 0000, samples: 0/0
display  D   display_settings.c:398  _al_score_display_settings       [   0.10332] Single Buffer requirement not met.
display  D   display_settings.c:212  debug_display_settings           [   0.10335] color: 16 (rgba 5650), depth: 24, stencil: 0, acc: 0000, samples: 0/0
display  D   display_settings.c:398  _al_score_display_settings       [   0.10338] Single Buffer requirement not met.
display  D   display_settings.c:212  debug_display_settings           [   0.10341] color: 16 (rgba 5650), depth: 16, stencil: 0, acc: 0000, samples: 0/0
display  D   display_settings.c:398  _al_score_display_settings       [   0.10344] Single Buffer requirement not met.
display  D   display_settings.c:212  debug_display_settings           [   0.10346] color: 16 (rgba 5650), depth: 16, stencil: 0, acc: 0000, samples: 0/0
display  D   display_settings.c:398  _al_score_display_settings       [   0.10349] Single Buffer requirement not met.
display  D   display_settings.c:212  debug_display_settings           [   0.10352] color: 32 (rgba 8880), depth: 0, stencil: 0, acc: 0000, samples: 0/0
display  D   display_settings.c:527  _al_score_display_settings       [   0.10355] Score is : 769
display  D   display_settings.c:212  debug_display_settings           [   0.10358] color: 32 (rgba 8880), depth: 0, stencil: 0, acc: 0000, samples: 0/0
display  D   display_settings.c:527  _al_score_display_settings       [   0.10361] Score is : 769
display  D   display_settings.c:212  debug_display_settings           [   0.10363] color: 32 (rgba 8880), depth: 24, stencil: 8, acc: 0000, samples: 0/0
display  D   display_settings.c:527  _al_score_display_settings       [   0.10366] Score is : 769
display  D   display_settings.c:212  debug_display_settings           [   0.10369] color: 32 (rgba 8880), depth: 24, stencil: 8, acc: 0000, samples: 0/0
display  D   display_settings.c:527  _al_score_display_settings       [   0.10372] Score is : 769
display  D   display_settings.c:212  debug_display_settings           [   0.10375] color: 32 (rgba 8880), depth: 24, stencil: 0, acc: 0000, samples: 0/0
display  D   display_settings.c:527  _al_score_display_settings       [   0.10378] Score is : 769
display  D   display_settings.c:212  debug_display_settings           [   0.10381] color: 32 (rgba 8880), depth: 24, stencil: 0, acc: 0000, samples: 0/0
display  D   display_settings.c:527  _al_score_display_settings       [   0.10384] Score is : 769
display  D   display_settings.c:212  debug_display_settings           [   0.10387] color: 32 (rgba 8880), depth: 16, stencil: 0, acc: 0000, samples: 0/0
display  D   display_settings.c:527  _al_score_display_settings       [   0.10392] Score is : 769
display  D   display_settings.c:212  debug_display_settings           [   0.10396] color: 32 (rgba 8880), depth: 16, stencil: 0, acc: 0000, samples: 0/0
display  D   display_settings.c:527  _al_score_display_settings       [   0.10402] Score is : 769
display  D   display_settings.c:212  debug_display_settings           [   0.10406] color: 16 (rgba 5650), depth: 0, stencil: 0, acc: 0000, samples: 0/0
display  D   display_settings.c:527  _al_score_display_settings       [   0.10411] Score is : 769
display  D   display_settings.c:212  debug_display_settings           [   0.10415] color: 16 (rgba 5650), depth: 0, stencil: 0, acc: 0000, samples: 0/0
display  D   display_settings.c:527  _al_score_display_settings       [   0.10420] Score is : 769
display  D   display_settings.c:212  debug_display_settings           [   0.10424] color: 16 (rgba 5650), depth: 24, stencil: 8, acc: 0000, samples: 0/0
display  D   display_settings.c:527  _al_score_display_settings       [   0.10427] Score is : 769
display  D   display_settings.c:212  debug_display_settings           [   0.10430] color: 16 (rgba 5650), depth: 24, stencil: 8, acc: 0000, samples: 0/0
display  D   display_settings.c:527  _al_score_display_settings       [   0.10433] Score is : 769
display  D   display_settings.c:212  debug_display_settings           [   0.10436] color: 16 (rgba 5650), depth: 24, stencil: 0, acc: 0000, samples: 0/0
display  D   display_settings.c:527  _al_score_display_settings       [   0.10439] Score is : 769
display  D   display_settings.c:212  debug_display_settings           [   0.10442] color: 16 (rgba 5650), depth: 24, stencil: 0, acc: 0000, samples: 0/0
display  D   display_settings.c:527  _al_score_display_settings       [   0.10444] Score is : 769
display  D   display_settings.c:212  debug_display_settings           [   0.10447] color: 16 (rgba 5650), depth: 16, stencil: 0, acc: 0000, samples: 0/0
display  D   display_settings.c:527  _al_score_display_settings       [   0.10450] Score is : 769
display  D   display_settings.c:212  debug_display_settings           [   0.10453] color: 16 (rgba 5650), depth: 16, stencil: 0, acc: 0000, samples: 0/0
display  D   display_settings.c:527  _al_score_display_settings       [   0.10455] Score is : 769
display  D   display_settings.c:212  debug_display_settings           [   0.10458] color: 32 (rgba 8880), depth: 0, stencil: 0, acc: 0000, samples: 0/0
display  D   display_settings.c:398  _al_score_display_settings       [   0.10461] Single Buffer requirement not met.
display  D   display_settings.c:212  debug_display_settings           [   0.10464] color: 32 (rgba 8880), depth: 0, stencil: 0, acc: 0000, samples: 0/0
display  D   display_settings.c:398  _al_score_display_settings       [   0.10467] Single Buffer requirement not met.
display  D   display_settings.c:212  debug_display_settings           [   0.10469] color: 32 (rgba 8880), depth: 24, stencil: 8, acc: 0000, samples: 0/0
display  D   display_settings.c:398  _al_score_display_settings       [   0.10472] Single Buffer requirement not met.
display  D   display_settings.c:212  debug_display_settings           [   0.10475] color: 32 (rgba 8880), depth: 24, stencil: 8, acc: 0000, samples: 0/0
display  D   display_settings.c:398  _al_score_display_settings       [   0.10478] Single Buffer requirement not met.
display  D   display_settings.c:212  debug_display_settings           [   0.10480] color: 32 (rgba 8880), depth: 24, stencil: 0, acc: 0000, samples: 0/0
display  D   display_settings.c:398  _al_score_display_settings       [   0.10483] Single Buffer requirement not met.
display  D   display_settings.c:212  debug_display_settings           [   0.10486] color: 32 (rgba 8880), depth: 24, stencil: 0, acc: 0000, samples: 0/0
display  D   display_settings.c:398  _al_score_display_settings       [   0.10489] Single Buffer requirement not met.
display  D   display_settings.c:212  debug_display_settings           [   0.10491] color: 32 (rgba 8880), depth: 16, stencil: 0, acc: 0000, samples: 0/0
display  D   display_settings.c:398  _al_score_display_settings       [   0.10494] Single Buffer requirement not met.
display  D   display_settings.c:212  debug_display_settings           [   0.10501] color: 32 (rgba 8880), depth: 16, stencil: 0, acc: 0000, samples: 0/0
display  D   display_settings.c:398  _al_score_display_settings       [   0.10505] Single Buffer requirement not met.
display  D   display_settings.c:212  debug_display_settings           [   0.10508] color: 16 (rgba 5650), depth: 0, stencil: 0, acc: 0000, samples: 0/0
display  D   display_settings.c:398  _al_score_display_settings       [   0.10511] Single Buffer requirement not met.
display  D   display_settings.c:212  debug_display_settings           [   0.10514] color: 16 (rgba 5650), depth: 0, stencil: 0, acc: 0000, samples: 0/0
display  D   display_settings.c:398  _al_score_display_settings       [   0.10518] Single Buffer requirement not met.
display  D   display_settings.c:212  debug_display_settings           [   0.10522] color: 16 (rgba 5650), depth: 24, stencil: 8, acc: 0000, samples: 0/0
display  D   display_settings.c:398  _al_score_display_settings       [   0.10528] Single Buffer requirement not met.
display  D   display_settings.c:212  debug_display_settings           [   0.10533] color: 16 (rgba 5650), depth: 24, stencil: 8, acc: 0000, samples: 0/0
display  D   display_settings.c:398  _al_score_display_settings       [   0.10538] Single Buffer requirement not met.
display  D   display_settings.c:212  debug_display_settings           [   0.10545] color: 16 (rgba 5650), depth: 24, stencil: 0, acc: 0000, samples: 0/0
display  D   display_settings.c:398  _al_score_display_settings       [   0.10550] Single Buffer requirement not met.
display  D   display_settings.c:212  debug_display_settings           [   0.10555] color: 16 (rgba 5650), depth: 24, stencil: 0, acc: 0000, samples: 0/0
display  D   display_settings.c:398  _al_score_display_settings       [   0.10561] Single Buffer requirement not met.
display  D   display_settings.c:212  debug_display_settings           [   0.10566] color: 16 (rgba 5650), depth: 16, stencil: 0, acc: 0000, samples: 0/0
display  D   display_settings.c:398  _al_score_display_settings       [   0.10571] Single Buffer requirement not met.
display  D   display_settings.c:212  debug_display_settings           [   0.10576] color: 16 (rgba 5650), depth: 16, stencil: 0, acc: 0000, samples: 0/0
display  D   display_settings.c:398  _al_score_display_settings       [   0.10581] Single Buffer requirement not met.
d3d      D         d3d_disp.cpp:1682 d3d_create_display_internals     [   0.10587] Trying format 0.
d3d      I         d3d_disp.cpp:1358 d3d_display_thread_proc          [   0.10624] Chose a display format: 23
d3d      I         d3d_disp.cpp:1427 d3d_display_thread_proc          [   0.10634] Normal window.
d3d      I         d3d_disp.cpp:791  d3d_create_device                [   0.15351] Using no depth stencil buffer
d3d      D         d3d_disp.cpp:853  d3d_create_device                [   0.18712] BeginScene succeeded in create_device
d3d      D         d3d_disp.cpp:861  d3d_create_device                [   0.18723] Success
d3d      D         d3d_disp.cpp:1705 d3d_create_display_internals     [   0.18731] Resumed after wait.
d3d      I         d3d_disp.cpp:1738 d3d_create_display_internals     [   0.18740] Format 0 succeeded.
d3d      D         d3d_disp.cpp:1769 d3d_create_display_internals     [   0.18748] Returning d3d_display: 00000000027a3fd0
d3d      D         d3d_disp.cpp:1794 d3d_create_display_locked        [   0.18754] al_display=00000000027a3fd0
d3d      D         d3d_disp.cpp:1795 d3d_create_display_locked        [   0.18758] al_display->vt=000000000070edc0
system   D            wsystem.c:874  _al_win_safe_load_library        [   0.18807] PathFindOnPath found: C:\WINDOWS\system32\d3dx9_43.dll
system   D            wsystem.c:780  load_library_at_path             [   0.18814] Calling LoadLibrary C:\WINDOWS\system32\d3dx9_43.dll
system   I            wsystem.c:783  load_library_at_path             [   0.19949] Loaded C:\WINDOWS\system32\d3dx9_43.dll
d3dx9    I        d3d_d3dx9.cpp:88   _imp_load_d3dx9_module_version   [   0.19972] Module "d3dx9_43.dll" loaded.
stdio    D         file_stdio.c:110  file_stdio_fopen                 [   0.19988] opening assets/font/pirulen.ttf rb
font     D                ttf.c:943  al_load_ttf_font_stretch_f       [   0.20064] Font assets/font/pirulen.ttf loaded with pixel size 0 x 12.
font     D                ttf.c:945  al_load_ttf_font_stretch_f       [   0.20073]     ascent=12.0, descent=-3.0, height=14.0
dtor     D               dtor.c:196  _al_register_destructor          [   0.20080] added dtor for ttf_font 00000000027ae550, func 00007ff8aea74c05
stdio    D         file_stdio.c:110  file_stdio_fopen                 [   0.20087] opening assets/sound/menu.mp3 rb
dtor     D               dtor.c:196  _al_register_destructor          [   1.57404] added dtor for sample 00000000027ae370, func 00007ff8aea81a1d
audio-dsound D           dsound.cpp:311  _dsound_allocate_voice           [   1.57421] Allocating voice
audio-dsound D           dsound.cpp:370  _dsound_allocate_voice           [   1.57425] Allocated voice
dtor     D               dtor.c:196  _al_register_destructor          [   1.57428] added dtor for voice 00000000027abd80, func 00007ff8aea85024
dtor     D               dtor.c:196  _al_register_destructor          [   1.57431] added dtor for mixer 00000000027b6840, func 00007ff8aea804dc
audio-dsound D           dsound.cpp:466  _dsound_start_voice              [   1.57434] Starting voice
audio-dsound D           dsound.cpp:494  _dsound_start_voice              [   1.57437] CreateSoundBuffer
audio-dsound D           dsound.cpp:502  _dsound_start_voice              [   1.57718] CreateSoundBuffer succeeded
audio-dsound D           dsound.cpp:508  _dsound_start_voice              [   1.57724] Starting _dsound_update thread
audio-dsound I           dsound.cpp:518  _dsound_start_voice              [   1.57737] Voice started
dtor     D               dtor.c:196  _al_register_destructor          [   1.57742] added dtor for sample_instance 00000000027b6d70, func 00007ff8aea7929b
audio    D          kcm_mixer.c:121  _al_rechannel_matrix             [   1.57746] sample matrix:
audio    D          kcm_mixer.c:127  _al_rechannel_matrix             [   1.57750] 
audio    D          kcm_mixer.c:127  _al_rechannel_matrix             [   1.57753] 
dtor     D               dtor.c:196  _al_register_destructor          [   1.57757] added dtor for sample_instance 00000000027b6a80, func 00007ff8aea7929b
audio    D          kcm_mixer.c:121  _al_rechannel_matrix             [   1.57774] sample matrix:
audio    D          kcm_mixer.c:127  _al_rechannel_matrix             [   1.57782] 
audio    D          kcm_mixer.c:127  _al_rechannel_matrix             [   1.57786] 
dtor     D               dtor.c:196  _al_register_destructor          [   1.57790] added dtor for sample_instance 00000000027b6ba0, func 00007ff8aea7929b
audio    D          kcm_mixer.c:121  _al_rechannel_matrix             [   1.57795] sample matrix:
audio    D          kcm_mixer.c:127  _al_rechannel_matrix             [   1.57799] 
audio    D          kcm_mixer.c:127  _al_rechannel_matrix             [   1.57802] 
dtor     D               dtor.c:196  _al_register_destructor          [   1.57806] added dtor for sample_instance 00000000027c31a0, func 00007ff8aea7929b
audio    D          kcm_mixer.c:121  _al_rechannel_matrix             [   1.57810] sample matrix:
audio    D          kcm_mixer.c:127  _al_rechannel_matrix             [   1.57814] 
audio    D          kcm_mixer.c:127  _al_rechannel_matrix             [   1.57818] 
dtor     D               dtor.c:196  _al_register_destructor          [   1.57821] added dtor for sample_instance 00000000027c32c0, func 00007ff8aea7929b
audio    D          kcm_mixer.c:121  _al_rechannel_matrix             [   1.57826] sample matrix:
audio    D          kcm_mixer.c:127  _al_rechannel_matrix             [   1.57830] 
audio    D          kcm_mixer.c:127  _al_rechannel_matrix             [   1.57833] 
dtor     D               dtor.c:196  _al_register_destructor          [   1.57837] added dtor for sample_instance 00000000027c33e0, func 00007ff8aea7929b
audio    D          kcm_mixer.c:121  _al_rechannel_matrix             [   1.57842] sample matrix:
audio    D          kcm_mixer.c:127  _al_rechannel_matrix             [   1.57846] 
audio    D          kcm_mixer.c:127  _al_rechannel_matrix             [   1.57850] 
dtor     D               dtor.c:196  _al_register_destructor          [   1.57853] added dtor for sample_instance 00000000027c3500, func 00007ff8aea7929b
audio    D          kcm_mixer.c:121  _al_rechannel_matrix             [   1.57858] sample matrix:
audio    D          kcm_mixer.c:127  _al_rechannel_matrix             [   1.57861] 
audio    D          kcm_mixer.c:127  _al_rechannel_matrix             [   1.57866] 
dtor     D               dtor.c:196  _al_register_destructor          [   1.57869] added dtor for sample_instance 00000000027c3620, func 00007ff8aea7929b
audio    D          kcm_mixer.c:121  _al_rechannel_matrix             [   1.57874] sample matrix:
audio    D          kcm_mixer.c:127  _al_rechannel_matrix             [   1.57877] 
audio    D          kcm_mixer.c:127  _al_rechannel_matrix             [   1.57881] 
dtor     D               dtor.c:196  _al_register_destructor          [   1.57885] added dtor for sample_instance 00000000027c3850, func 00007ff8aea7929b
audio    D          kcm_mixer.c:121  _al_rechannel_matrix             [   1.57889] sample matrix:
audio    D          kcm_mixer.c:127  _al_rechannel_matrix             [   1.57893] 
audio    D          kcm_mixer.c:127  _al_rechannel_matrix             [   1.57897] 
dtor     D               dtor.c:196  _al_register_destructor          [   1.57900] added dtor for sample_instance 00000000027c3970, func 00007ff8aea7929b
audio    D          kcm_mixer.c:121  _al_rechannel_matrix             [   1.57909] sample matrix:
audio    D          kcm_mixer.c:127  _al_rechannel_matrix             [   1.57914] 
audio    D          kcm_mixer.c:127  _al_rechannel_matrix             [   1.57918] 
dtor     D               dtor.c:196  _al_register_destructor          [   1.57922] added dtor for sample_instance 00000000027c3a90, func 00007ff8aea7929b
audio    D          kcm_mixer.c:121  _al_rechannel_matrix             [   1.57926] sample matrix:
audio    D          kcm_mixer.c:127  _al_rechannel_matrix             [   1.57930] 
audio    D          kcm_mixer.c:127  _al_rechannel_matrix             [   1.57934] 
dtor     D               dtor.c:196  _al_register_destructor          [   1.57938] added dtor for sample_instance 00000000027c3bb0, func 00007ff8aea7929b
audio    D          kcm_mixer.c:121  _al_rechannel_matrix             [   1.57943] sample matrix:
audio    D          kcm_mixer.c:127  _al_rechannel_matrix             [   1.57947] 
audio    D          kcm_mixer.c:127  _al_rechannel_matrix             [   1.57950] 
dtor     D               dtor.c:196  _al_register_destructor          [   1.57955] added dtor for sample_instance 00000000027c4860, func 00007ff8aea7929b
audio    D          kcm_mixer.c:121  _al_rechannel_matrix             [   1.57960] sample matrix:
audio    D          kcm_mixer.c:127  _al_rechannel_matrix             [   1.57964] 
audio    D          kcm_mixer.c:127  _al_rechannel_matrix             [   1.57967] 
dtor     D               dtor.c:196  _al_register_destructor          [   1.57971] added dtor for sample_instance 00000000027c3f60, func 00007ff8aea7929b
audio    D          kcm_mixer.c:121  _al_rechannel_matrix             [   1.57975] sample matrix:
audio    D          kcm_mixer.c:127  _al_rechannel_matrix             [   1.57979] 
audio    D          kcm_mixer.c:127  _al_rechannel_matrix             [   1.57983] 
dtor     D               dtor.c:196  _al_register_destructor          [   1.57988] added dtor for sample_instance 00000000027c4620, func 00007ff8aea7929b
audio    D          kcm_mixer.c:121  _al_rechannel_matrix             [   1.57992] sample matrix:
audio    D          kcm_mixer.c:127  _al_rechannel_matrix             [   1.57996] 
audio    D          kcm_mixer.c:127  _al_rechannel_matrix             [   1.58000] 
dtor     D               dtor.c:196  _al_register_destructor          [   1.58004] added dtor for sample_instance 00000000027c42c0, func 00007ff8aea7929b
audio    D          kcm_mixer.c:121  _al_rechannel_matrix             [   1.58009] sample matrix:
audio    D          kcm_mixer.c:127  _al_rechannel_matrix             [   1.58013] 
audio    D          kcm_mixer.c:127  _al_rechannel_matrix             [   1.58016] 
dtor     D               dtor.c:196  _al_register_destructor          [   1.58020] added dtor for sample_instance 00000000027c3d20, func 00007ff8aea7929b
audio    D          kcm_mixer.c:121  _al_rechannel_matrix             [   1.58025] sample matrix:
audio    D          kcm_mixer.c:127  _al_rechannel_matrix             [   1.58029] 
audio    D          kcm_mixer.c:127  _al_rechannel_matrix             [   1.58033] 
dtor     D               dtor.c:196  _al_register_destructor          [   1.58037] added dtor for sample_instance 00000000027c3e40, func 00007ff8aea7929b
audio    D          kcm_mixer.c:121  _al_rechannel_matrix             [   1.58041] sample matrix:
audio    D          kcm_mixer.c:127  _al_rechannel_matrix             [   1.58045] 
audio    D          kcm_mixer.c:127  _al_rechannel_matrix             [   1.58049] 
dtor     D               dtor.c:196  _al_register_destructor          [   1.58053] added dtor for sample_instance 00000000027c4740, func 00007ff8aea7929b
audio    D          kcm_mixer.c:121  _al_rechannel_matrix             [   1.58057] sample matrix:
audio    D          kcm_mixer.c:127  _al_rechannel_matrix             [   1.58061] 
audio    D          kcm_mixer.c:127  _al_rechannel_matrix             [   1.58065] 
dtor     D               dtor.c:196  _al_register_destructor          [   1.58069] added dtor for sample_instance 00000000027c4080, func 00007ff8aea7929b
audio    D          kcm_mixer.c:121  _al_rechannel_matrix             [   1.58073] sample matrix:
audio    D          kcm_mixer.c:127  _al_rechannel_matrix             [   1.58077] 
audio    D          kcm_mixer.c:127  _al_rechannel_matrix             [   1.58080] 
dtor     D               dtor.c:196  _al_register_destructor          [   1.58084] added dtor for sample_instance 00000000027c4980, func 00007ff8aea7929b
audio-dsound D           dsound.cpp:528  _dsound_stop_voice               [   1.58089] Stopping voice
audio-dsound D           dsound.cpp:545  _dsound_stop_voice               [   1.58093] Joining thread
audio-dsound D           dsound.cpp:551  _dsound_stop_voice               [   2.21313] Joined thread
audio-dsound D           dsound.cpp:553  _dsound_stop_voice               [   2.21320] Destroying thread
audio-dsound D           dsound.cpp:555  _dsound_stop_voice               [   2.21323] Thread destroyed
audio-dsound D           dsound.cpp:562  _dsound_stop_voice               [   2.21325] Releasing buffer
audio-dsound I           dsound.cpp:566  _dsound_stop_voice               [   2.21328] Voice stopped
audio-dsound D           dsound.cpp:466  _dsound_start_voice              [   2.21331] Starting voice
audio-dsound D           dsound.cpp:494  _dsound_start_voice              [   2.21333] CreateSoundBuffer
audio-dsound D           dsound.cpp:502  _dsound_start_voice              [   2.21347] CreateSoundBuffer succeeded
audio-dsound D           dsound.cpp:508  _dsound_start_voice              [   2.21351] Starting _dsound_update thread
audio-dsound I           dsound.cpp:518  _dsound_start_voice              [   2.21360] Voice started
audio    D          kcm_mixer.c:121  _al_rechannel_matrix             [   2.21364] sample matrix:
audio    D          kcm_mixer.c:127  _al_rechannel_matrix             [   2.21367]  0.707107 0.000000
audio    D          kcm_mixer.c:127  _al_rechannel_matrix             [   2.21370]  0.000000 0.707107
audio    D          kcm_mixer.c:121  _al_rechannel_matrix             [   2.21374] sample matrix:
audio    D          kcm_mixer.c:127  _al_rechannel_matrix             [   2.21378]  0.070711 0.000000
audio    D          kcm_mixer.c:127  _al_rechannel_matrix             [   2.21382]  0.000000 0.070711
dtor     D               dtor.c:196  _al_register_destructor          [   2.21386] added dtor for queue 00000000027baea0, func 00007ff8ae97c5dc
dtor     D               dtor.c:196  _al_register_destructor          [   2.21888] added dtor for timer 00000000027baf70, func 00007ff8ae98fb3b
stdio    D         file_stdio.c:110  file_stdio_fopen                 [   2.21904] opening assets/image/icon.jpg rb
stdio    D         file_stdio.c:110  file_stdio_fopen                 [   2.21939] opening assets/image/icon.jpg rb
d3d      D         d3d_disp.cpp:1202 real_choose_bitmap_format        [   2.21980] Fake format
d3d      D         d3d_disp.cpp:1202 real_choose_bitmap_format        [   2.21985] Fake format
d3d      D         d3d_disp.cpp:1202 real_choose_bitmap_format        [   2.21988] Fake format
d3d      D         d3d_disp.cpp:1202 real_choose_bitmap_format        [   2.21990] Fake format
d3d      D         d3d_disp.cpp:1202 real_choose_bitmap_format        [   2.21992] Fake format
d3d      D         d3d_disp.cpp:1202 real_choose_bitmap_format        [   2.21995] Fake format
d3d      D         d3d_disp.cpp:1202 real_choose_bitmap_format        [   2.21998] Fake format
d3d      D         d3d_disp.cpp:1202 real_choose_bitmap_format        [   2.22000] Fake format
d3d      D         d3d_disp.cpp:1202 real_choose_bitmap_format        [   2.22002] Fake format
d3d      D         d3d_disp.cpp:1210 real_choose_bitmap_format        [   2.22004] Alpha doesn't match
d3d      D         d3d_disp.cpp:1217 real_choose_bitmap_format        [   2.22007] Adapter format is 23
d3d      D         d3d_disp.cpp:1220 real_choose_bitmap_format        [   2.22009] Found a format
d3d      I         d3d_disp.cpp:2391 d3d_create_bitmap                [   2.22012] Chose bitmap format 9
dtor     D               dtor.c:196  _al_register_destructor          [   2.22061] added dtor for bitmap 00000000027e9f20, func 00007ff8ae951bea
d3d      D         d3d_disp.cpp:1202 real_choose_bitmap_format        [   2.22370] Fake format
d3d      D         d3d_disp.cpp:1202 real_choose_bitmap_format        [   2.22377] Fake format
d3d      D         d3d_disp.cpp:1202 real_choose_bitmap_format        [   2.22381] Fake format
d3d      D         d3d_disp.cpp:1202 real_choose_bitmap_format        [   2.22385] Fake format
d3d      D         d3d_disp.cpp:1202 real_choose_bitmap_format        [   2.22389] Fake format
d3d      D         d3d_disp.cpp:1202 real_choose_bitmap_format        [   2.22392] Fake format
d3d      D         d3d_disp.cpp:1202 real_choose_bitmap_format        [   2.22398] Fake format
d3d      D         d3d_disp.cpp:1202 real_choose_bitmap_format        [   2.22403] Fake format
d3d      D         d3d_disp.cpp:1202 real_choose_bitmap_format        [   2.22408] Fake format
d3d      D         d3d_disp.cpp:1210 real_choose_bitmap_format        [   2.22412] Alpha doesn't match
d3d      D         d3d_disp.cpp:1217 real_choose_bitmap_format        [   2.22417] Adapter format is 23
d3d      D         d3d_disp.cpp:1220 real_choose_bitmap_format        [   2.22422] Found a format
d3d      I         d3d_disp.cpp:2391 d3d_create_bitmap                [   2.22427] Chose bitmap format 9
dtor     D               dtor.c:196  _al_register_destructor          [   2.22447] added dtor for bitmap 0000000002879870, func 00007ff8ae951bea
d3d      D          d3d_bmp.cpp:539  _al_d3d_sync_bitmap              [   2.23611] _al_d3d_sync_bitmap (system) ref count == 1
d3d      D          d3d_bmp.cpp:545  _al_d3d_sync_bitmap              [   2.23627] _al_d3d_sync_bitmap (video) ref count == 1
dtor     D               dtor.c:227  _al_unregister_destructor        [   2.23959] removed dtor for bitmap 0000000002879870
d3d      D         d3d_disp.cpp:1202 real_choose_bitmap_format        [   2.24132] Fake format
d3d      D         d3d_disp.cpp:1202 real_choose_bitmap_format        [   2.24140] Fake format
d3d      D         d3d_disp.cpp:1202 real_choose_bitmap_format        [   2.24145] Fake format
d3d      D         d3d_disp.cpp:1202 real_choose_bitmap_format        [   2.24149] Fake format
d3d      D         d3d_disp.cpp:1202 real_choose_bitmap_format        [   2.24153] Fake format
d3d      D         d3d_disp.cpp:1202 real_choose_bitmap_format        [   2.24157] Fake format
d3d      D         d3d_disp.cpp:1202 real_choose_bitmap_format        [   2.24161] Fake format
d3d      D         d3d_disp.cpp:1202 real_choose_bitmap_format        [   2.24165] Fake format
d3d      D         d3d_disp.cpp:1202 real_choose_bitmap_format        [   2.24169] Fake format
d3d      D         d3d_disp.cpp:1210 real_choose_bitmap_format        [   2.24172] Alpha doesn't match
d3d      D         d3d_disp.cpp:1217 real_choose_bitmap_format        [   2.24175] Adapter format is 23
d3d      D         d3d_disp.cpp:1220 real_choose_bitmap_format        [   2.24178] Found a format
d3d      I         d3d_disp.cpp:2391 d3d_create_bitmap                [   2.24182] Chose bitmap format 9
dtor     D               dtor.c:196  _al_register_destructor          [   2.24206] added dtor for bitmap 0000000002879870, func 00007ff8ae951bea
d3d      D          d3d_bmp.cpp:539  _al_d3d_sync_bitmap              [   2.25294] _al_d3d_sync_bitmap (system) ref count == 1
d3d      D          d3d_bmp.cpp:545  _al_d3d_sync_bitmap              [   2.25304] _al_d3d_sync_bitmap (video) ref count == 1
dtor     D               dtor.c:227  _al_unregister_destructor        [   2.25811] removed dtor for bitmap 0000000002879870
d3d      D         d3d_disp.cpp:1202 real_choose_bitmap_format        [   2.25966] Fake format
d3d      D         d3d_disp.cpp:1202 real_choose_bitmap_format        [   2.25971] Fake format
d3d      D         d3d_disp.cpp:1202 real_choose_bitmap_format        [   2.25974] Fake format
d3d      D         d3d_disp.cpp:1202 real_choose_bitmap_format        [   2.25976] Fake format
d3d      D         d3d_disp.cpp:1202 real_choose_bitmap_format        [   2.25978] Fake format
d3d      D         d3d_disp.cpp:1202 real_choose_bitmap_format        [   2.25981] Fake format
d3d      D         d3d_disp.cpp:1202 real_choose_bitmap_format        [   2.25983] Fake format
d3d      D         d3d_disp.cpp:1202 real_choose_bitmap_format        [   2.25985] Fake format
d3d      D         d3d_disp.cpp:1202 real_choose_bitmap_format        [   2.25988] Fake format
d3d      D         d3d_disp.cpp:1210 real_choose_bitmap_format        [   2.25990] Alpha doesn't match
d3d      D         d3d_disp.cpp:1217 real_choose_bitmap_format        [   2.25993] Adapter format is 23
d3d      D         d3d_disp.cpp:1220 real_choose_bitmap_format        [   2.25995] Found a format
d3d      I         d3d_disp.cpp:2391 d3d_create_bitmap                [   2.25998] Chose bitmap format 9
font     D                ttf.c:243  alloc_glyph_region               [   2.26030] Glyph 50: 13x11 (16x12)
font     D                ttf.c:287  alloc_glyph_region               [   2.26034] Locking glyph region: 00000000027e3650 0 0 16 12
font     D                ttf.c:167  unlock_current_page              [   2.26043] Unlocking page: 00000000027e3650
font     D                ttf.c:243  alloc_glyph_region               [   2.26066] Glyph 84: 13x11 (16x12)
font     D                ttf.c:287  alloc_glyph_region               [   2.26069] Locking glyph region: 00000000027e3650 16 0 16 12
font     D                ttf.c:167  unlock_current_page              [   2.26073] Unlocking page: 00000000027e3650
font     D                ttf.c:243  alloc_glyph_region               [   2.26092] Glyph 71: 12x11 (12x12)
font     D                ttf.c:287  alloc_glyph_region               [   2.26095] Locking glyph region: 00000000027e3650 32 0 12 12
font     D                ttf.c:167  unlock_current_page              [   2.26099] Unlocking page: 00000000027e3650
font     D                ttf.c:243  alloc_glyph_region               [   2.26120] Glyph 85: 13x11 (16x12)
font     D                ttf.c:287  alloc_glyph_region               [   2.26124] Locking glyph region: 00000000027e3650 44 0 16 12
font     D                ttf.c:167  unlock_current_page              [   2.26128] Unlocking page: 00000000027e3650
font     D                ttf.c:446  cache_glyph                      [   2.26133] Glyph 2 has zero size.
font     D                ttf.c:243  alloc_glyph_region               [   2.26142] Glyph 9: 5x5 (8x8)
font     D                ttf.c:287  alloc_glyph_region               [   2.26145] Locking glyph region: 00000000027e3650 60 0 8 8
font     D                ttf.c:167  unlock_current_page              [   2.26149] Unlocking page: 00000000027e3650
font     D                ttf.c:243  alloc_glyph_region               [   2.26162] Glyph 39: 12x11 (12x12)
font     D                ttf.c:287  alloc_glyph_region               [   2.26165] Locking glyph region: 00000000027e3650 68 0 12 12
font     D                ttf.c:167  unlock_current_page              [   2.26169] Unlocking page: 00000000027e3650
font     D                ttf.c:243  alloc_glyph_region               [   2.26185] Glyph 80: 14x11 (16x12)
font     D                ttf.c:287  alloc_glyph_region               [   2.26188] Locking glyph region: 00000000027e3650 80 0 16 12
font     D                ttf.c:167  unlock_current_page              [   2.26192] Unlocking page: 00000000027e3650
font     D                ttf.c:243  alloc_glyph_region               [   2.26207] Glyph 86: 13x11 (16x12)
font     D                ttf.c:287  alloc_glyph_region               [   2.26210] Locking glyph region: 00000000027e3650 96 0 16 12
font     D                ttf.c:167  unlock_current_page              [   2.26214] Unlocking page: 00000000027e3650
font     D                ttf.c:243  alloc_glyph_region               [   2.26231] Glyph 81: 14x11 (16x12)
font     D                ttf.c:287  alloc_glyph_region               [   2.26235] Locking glyph region: 00000000027e3650 112 0 16 12
font     D                ttf.c:167  unlock_current_page              [   2.26238] Unlocking page: 00000000027e3650
font     D                ttf.c:243  alloc_glyph_region               [   2.26253] Glyph 67: 15x11 (16x12)
font     D                ttf.c:287  alloc_glyph_region               [   2.26256] Locking glyph region: 00000000027e3650 128 0 16 12
font     D                ttf.c:167  unlock_current_page              [   2.26260] Unlocking page: 00000000027e3650
d3d      D          d3d_bmp.cpp:539  _al_d3d_sync_bitmap              [   2.27091] _al_d3d_sync_bitmap (system) ref count == 1
d3d      D          d3d_bmp.cpp:545  _al_d3d_sync_bitmap              [   2.27100] _al_d3d_sync_bitmap (video) ref count == 1
d3d      D          d3d_bmp.cpp:539  _al_d3d_sync_bitmap              [   2.27362] _al_d3d_sync_bitmap (system) ref count == 1
d3d      D          d3d_bmp.cpp:545  _al_d3d_sync_bitmap              [   2.27370] _al_d3d_sync_bitmap (video) ref count == 1
dtor     D               dtor.c:227  _al_unregister_destructor        [   2.56971] removed dtor for ttf_font 00000000027ae550
dtor     D               dtor.c:227  _al_unregister_destructor        [   2.57018] removed dtor for sample 00000000027ae370
dtor     D               dtor.c:227  _al_unregister_destructor        [   2.57386] removed dtor for sample_instance 00000000027c4980
stdio    D         file_stdio.c:110  file_stdio_fopen                 [   2.57395] opening assets/image/stage.jpg rb
stdio    D         file_stdio.c:110  file_stdio_fopen                 [   2.57430] opening assets/image/stage.jpg rb
d3d      D         d3d_disp.cpp:1202 real_choose_bitmap_format        [   2.57457] Fake format
d3d      D         d3d_disp.cpp:1202 real_choose_bitmap_format        [   2.57463] Fake format
d3d      D         d3d_disp.cpp:1202 real_choose_bitmap_format        [   2.57467] Fake format
d3d      D         d3d_disp.cpp:1202 real_choose_bitmap_format        [   2.57472] Fake format
d3d      D         d3d_disp.cpp:1202 real_choose_bitmap_format        [   2.57476] Fake format
d3d      D         d3d_disp.cpp:1202 real_choose_bitmap_format        [   2.57481] Fake format
d3d      D         d3d_disp.cpp:1202 real_choose_bitmap_format        [   2.57486] Fake format
d3d      D         d3d_disp.cpp:1202 real_choose_bitmap_format        [   2.57490] Fake format
d3d      D         d3d_disp.cpp:1202 real_choose_bitmap_format        [   2.57494] Fake format
d3d      D         d3d_disp.cpp:1210 real_choose_bitmap_format        [   2.57498] Alpha doesn't match
d3d      D         d3d_disp.cpp:1217 real_choose_bitmap_format        [   2.57503] Adapter format is 23
d3d      D         d3d_disp.cpp:1220 real_choose_bitmap_format        [   2.57507] Found a format
d3d      I         d3d_disp.cpp:2391 d3d_create_bitmap                [   2.57512] Chose bitmap format 9
dtor     D               dtor.c:196  _al_register_destructor          [   2.57543] added dtor for bitmap 0000000002879870, func 00007ff8ae951bea
stdio    D         file_stdio.c:110  file_stdio_fopen                 [   2.59097] opening assets/image/player.png rb
stdio    D         file_stdio.c:110  file_stdio_fopen                 [   2.59135] opening assets/image/player.png rb
d3d      D         d3d_disp.cpp:1202 real_choose_bitmap_format        [   2.59159] Fake format
d3d      D         d3d_disp.cpp:1202 real_choose_bitmap_format        [   2.59163] Fake format
d3d      D         d3d_disp.cpp:1202 real_choose_bitmap_format        [   2.59167] Fake format
d3d      D         d3d_disp.cpp:1202 real_choose_bitmap_format        [   2.59170] Fake format
d3d      D         d3d_disp.cpp:1202 real_choose_bitmap_format        [   2.59172] Fake format
d3d      D         d3d_disp.cpp:1202 real_choose_bitmap_format        [   2.59175] Fake format
d3d      D         d3d_disp.cpp:1202 real_choose_bitmap_format        [   2.59177] Fake format
d3d      D         d3d_disp.cpp:1202 real_choose_bitmap_format        [   2.59180] Fake format
d3d      D         d3d_disp.cpp:1202 real_choose_bitmap_format        [   2.59183] Fake format
d3d      D         d3d_disp.cpp:1210 real_choose_bitmap_format        [   2.59186] Alpha doesn't match
d3d      D         d3d_disp.cpp:1217 real_choose_bitmap_format        [   2.59190] Adapter format is 23
d3d      D         d3d_disp.cpp:1220 real_choose_bitmap_format        [   2.59194] Found a format
d3d      I         d3d_disp.cpp:2391 d3d_create_bitmap                [   2.59198] Chose bitmap format 9
dtor     D               dtor.c:196  _al_register_destructor          [   2.59223] added dtor for bitmap 00000000027e4110, func 00007ff8ae951bea
stdio    D         file_stdio.c:110  file_stdio_fopen                 [   2.59410] opening assets/sound/atk_sound.wav rb
wav      E                wav.c:121  wav_open                         [   2.59431] Bad RIFF type.
dtor     D               dtor.c:196  _al_register_destructor          [   2.59436] added dtor for sample 00000000027df7f0, func 00007ff8aea81a1d
dtor     D               dtor.c:196  _al_register_destructor          [   2.59444] added dtor for sample_instance 00000000027c4980, func 00007ff8aea7929b
audio    D          kcm_mixer.c:121  _al_rechannel_matrix             [   2.59449] sample matrix:
audio    D          kcm_mixer.c:127  _al_rechannel_matrix             [   2.59452]  0.500000
audio    D          kcm_mixer.c:127  _al_rechannel_matrix             [   2.59454]  0.500000
stdio    D         file_stdio.c:110  file_stdio_fopen                 [   2.59457] opening assets/font/pirulen.ttf rb
font     D                ttf.c:943  al_load_ttf_font_stretch_f       [   2.59494] Font assets/font/pirulen.ttf loaded with pixel size 0 x 10.
font     D                ttf.c:945  al_load_ttf_font_stretch_f       [   2.59498]     ascent=10.0, descent=-3.0, height=12.0
dtor     D               dtor.c:196  _al_register_destructor          [   2.59502] added dtor for ttf_font 00000000027df6d0, func 00007ff8aea74c05
stdio    D         file_stdio.c:110  file_stdio_fopen                 [   2.59506] opening assets/image/monster.png rb
stdio    D         file_stdio.c:110  file_stdio_fopen                 [   2.59525] opening assets/image/monster.png rb
d3d      D         d3d_disp.cpp:1202 real_choose_bitmap_format        [   2.59540] Fake format
d3d      D         d3d_disp.cpp:1202 real_choose_bitmap_format        [   2.59544] Fake format
d3d      D         d3d_disp.cpp:1202 real_choose_bitmap_format        [   2.59547] Fake format
d3d      D         d3d_disp.cpp:1202 real_choose_bitmap_format        [   2.59549] Fake format
d3d      D         d3d_disp.cpp:1202 real_choose_bitmap_format        [   2.59552] Fake format
d3d      D         d3d_disp.cpp:1202 real_choose_bitmap_format        [   2.59554] Fake format
d3d      D         d3d_disp.cpp:1202 real_choose_bitmap_format        [   2.59558] Fake format
d3d      D         d3d_disp.cpp:1202 real_choose_bitmap_format        [   2.59560] Fake format
d3d      D         d3d_disp.cpp:1202 real_choose_bitmap_format        [   2.59563] Fake format
d3d      D         d3d_disp.cpp:1210 real_choose_bitmap_format        [   2.59565] Alpha doesn't match
d3d      D         d3d_disp.cpp:1217 real_choose_bitmap_format        [   2.59568] Adapter format is 23
d3d      D         d3d_disp.cpp:1220 real_choose_bitmap_format        [   2.59570] Found a format
d3d      I         d3d_disp.cpp:2391 d3d_create_bitmap                [   2.59573] Chose bitmap format 9
dtor     D               dtor.c:196  _al_register_destructor          [   2.59591] added dtor for bitmap 00000000027e9260, func 00007ff8ae951bea
d3d      D         d3d_disp.cpp:1202 real_choose_bitmap_format        [   2.59710] Fake format
d3d      D         d3d_disp.cpp:1202 real_choose_bitmap_format        [   2.59715] Fake format
d3d      D         d3d_disp.cpp:1202 real_choose_bitmap_format        [   2.59718] Fake format
d3d      D         d3d_disp.cpp:1202 real_choose_bitmap_format        [   2.59721] Fake format
d3d      D         d3d_disp.cpp:1202 real_choose_bitmap_format        [   2.59724] Fake format
d3d      D         d3d_disp.cpp:1202 real_choose_bitmap_format        [   2.59728] Fake format
d3d      D         d3d_disp.cpp:1202 real_choose_bitmap_format        [   2.59732] Fake format
d3d      D         d3d_disp.cpp:1202 real_choose_bitmap_format        [   2.59736] Fake format
d3d      D         d3d_disp.cpp:1202 real_choose_bitmap_format        [   2.59739] Fake format
d3d      D         d3d_disp.cpp:1210 real_choose_bitmap_format        [   2.59747] Alpha doesn't match
d3d      D         d3d_disp.cpp:1217 real_choose_bitmap_format        [   2.59753] Adapter format is 23
d3d      D         d3d_disp.cpp:1220 real_choose_bitmap_format        [   2.59757] Found a format
d3d      I         d3d_disp.cpp:2391 d3d_create_bitmap                [   2.59761] Chose bitmap format 9
font     D                ttf.c:243  alloc_glyph_region               [   2.59797] Glyph 57: 16x9 (16x12)
font     D                ttf.c:287  alloc_glyph_region               [   2.59803] Locking glyph region: 00000000027b1490 0 0 16 12
font     D                ttf.c:167  unlock_current_page              [   2.59827] Unlocking page: 00000000027b1490
font     D                ttf.c:243  alloc_glyph_region               [   2.59852] Glyph 67: 13x9 (16x12)
font     D                ttf.c:287  alloc_glyph_region               [   2.59857] Locking glyph region: 00000000027b1490 16 0 16 12
font     D                ttf.c:167  unlock_current_page              [   2.59863] Unlocking page: 00000000027b1490
font     D                ttf.c:243  alloc_glyph_region               [   2.59886] Glyph 91: 13x9 (16x12)
font     D                ttf.c:287  alloc_glyph_region               [   2.59891] Locking glyph region: 00000000027b1490 32 0 16 12
font     D                ttf.c:167  unlock_current_page              [   2.59897] Unlocking page: 00000000027b1490
font     D                ttf.c:243  alloc_glyph_region               [   2.59921] Glyph 80: 12x9 (12x12)
font     D                ttf.c:287  alloc_glyph_region               [   2.59926] Locking glyph region: 00000000027b1490 48 0 12 12
font     D                ttf.c:167  unlock_current_page              [   2.59933] Unlocking page: 00000000027b1490
font     D                ttf.c:243  alloc_glyph_region               [   2.59962] Glyph 71: 10x9 (12x12)
font     D                ttf.c:287  alloc_glyph_region               [   2.59966] Locking glyph region: 00000000027b1490 60 0 12 12
font     D                ttf.c:167  unlock_current_page              [   2.59972] Unlocking page: 00000000027b1490
font     D                ttf.c:243  alloc_glyph_region               [   2.60005] Glyph 79: 14x9 (16x12)
font     D                ttf.c:287  alloc_glyph_region               [   2.60010] Locking glyph region: 00000000027b1490 72 0 16 12
font     D                ttf.c:167  unlock_current_page              [   2.60037] Unlocking page: 00000000027b1490
font     D                ttf.c:243  alloc_glyph_region               [   2.60068] Glyph 81: 12x9 (12x12)
font     D                ttf.c:287  alloc_glyph_region               [   2.60073] Locking glyph region: 00000000027b1490 88 0 12 12
font     D                ttf.c:167  unlock_current_page              [   2.60079] Unlocking page: 00000000027b1490
font     D                ttf.c:243  alloc_glyph_region               [   2.60102] Glyph 88: 13x9 (16x12)
font     D                ttf.c:287  alloc_glyph_region               [   2.60107] Locking glyph region: 00000000027b1490 100 0 16 12
font     D                ttf.c:167  unlock_current_page              [   2.60113] Unlocking page: 00000000027b1490
font     D                ttf.c:243  alloc_glyph_region               [   2.60137] Glyph 53: 12x9 (12x12)
font     D                ttf.c:287  alloc_glyph_region               [   2.60142] Locking glyph region: 00000000027b1490 116 0 12 12
font     D                ttf.c:167  unlock_current_page              [   2.60148] Unlocking page: 00000000027b1490
font     D                ttf.c:243  alloc_glyph_region               [   2.60174] Glyph 82: 11x9 (12x12)
font     D                ttf.c:287  alloc_glyph_region               [   2.60179] Locking glyph region: 00000000027b1490 128 0 12 12
font     D                ttf.c:167  unlock_current_page              [   2.60184] Unlocking page: 00000000027b1490
font     D                ttf.c:243  alloc_glyph_region               [   2.60209] Glyph 70: 12x9 (12x12)
font     D                ttf.c:287  alloc_glyph_region               [   2.60213] Locking glyph region: 00000000027b1490 140 0 12 12
font     D                ttf.c:167  unlock_current_page              [   2.60220] Unlocking page: 00000000027b1490
font     D                ttf.c:243  alloc_glyph_region               [   2.60237] Glyph 28: 4x7 (4x8)
font     D                ttf.c:287  alloc_glyph_region               [   2.60241] Locking glyph region: 00000000027b1490 152 0 4 8
font     D                ttf.c:167  unlock_current_page              [   2.60247] Unlocking page: 00000000027b1490
font     D                ttf.c:446  cache_glyph                      [   2.60253] Glyph 2 has zero size.
font     D                ttf.c:243  alloc_glyph_region               [   2.60268] Glyph 19: 6x9 (8x12)
font     D                ttf.c:287  alloc_glyph_region               [   2.60272] Locking glyph region: 00000000027b1490 156 0 8 12
font     D                ttf.c:167  unlock_current_page              [   2.60278] Unlocking page: 00000000027b1490
font     D                ttf.c:243  alloc_glyph_region               [   2.60319] Glyph 68: 11x9 (12x12)
font     D                ttf.c:287  alloc_glyph_region               [   2.60325] Locking glyph region: 00000000027b1490 164 0 12 12
font     D                ttf.c:167  unlock_current_page              [   2.60331] Unlocking page: 00000000027b1490
font     D                ttf.c:243  alloc_glyph_region               [   2.60358] Glyph 87: 12x9 (12x12)
font     D                ttf.c:287  alloc_glyph_region               [   2.60365] Locking glyph region: 00000000027b1490 176 0 12 12
font     D                ttf.c:167  unlock_current_page              [   2.60372] Unlocking page: 00000000027b1490
font     D                ttf.c:243  alloc_glyph_region               [   2.60396] Glyph 78: 10x9 (12x12)
font     D                ttf.c:287  alloc_glyph_region               [   2.60400] Locking glyph region: 00000000027b1490 188 0 12 12
font     D                ttf.c:167  unlock_current_page              [   2.60406] Unlocking page: 00000000027b1490
font     D                ttf.c:243  alloc_glyph_region               [   2.60430] Glyph 86: 11x9 (12x12)
font     D                ttf.c:287  alloc_glyph_region               [   2.60436] Locking glyph region: 00000000027b1490 200 0 12 12
font     D                ttf.c:167  unlock_current_page              [   2.60443] Unlocking page: 00000000027b1490
font     D                ttf.c:243  alloc_glyph_region               [   2.60478] Glyph 38: 12x9 (12x12)
font     D                ttf.c:287  alloc_glyph_region               [   2.60483] Locking glyph region: 00000000027b1490 212 0 12 12
font     D                ttf.c:167  unlock_current_page              [   2.60490] Unlocking page: 00000000027b1490
font     D                ttf.c:243  alloc_glyph_region               [   2.60519] Glyph 73: 11x9 (12x12)
font     D                ttf.c:287  alloc_glyph_region               [   2.60524] Locking glyph region: 00000000027b1490 224 0 12 12
font     D                ttf.c:167  unlock_current_page              [   2.60530] Unlocking page: 00000000027b1490
font     D                ttf.c:243  alloc_glyph_region               [   2.60563] Glyph 52: 11x9 (12x12)
font     D                ttf.c:287  alloc_glyph_region               [   2.60568] Locking glyph region: 00000000027b1490 236 0 12 12
font     D                ttf.c:167  unlock_current_page              [   2.60575] Unlocking page: 00000000027b1490
font     D                ttf.c:243  alloc_glyph_region               [   2.60612] Glyph 74: 12x9 (12x12)
font     D                ttf.c:287  alloc_glyph_region               [   2.60617] Locking glyph region: 00000000027b1490 0 12 12 12
font     D                ttf.c:167  unlock_current_page              [   2.60623] Unlocking page: 00000000027b1490
font     D                ttf.c:243  alloc_glyph_region               [   2.60648] Glyph 69: 11x9 (12x12)
font     D                ttf.c:287  alloc_glyph_region               [   2.60652] Locking glyph region: 00000000027b1490 12 12 12 12
font     D                ttf.c:167  unlock_current_page              [   2.60658] Unlocking page: 00000000027b1490
font     D                ttf.c:243  alloc_glyph_region               [   2.60688] Glyph 84: 11x9 (12x12)
font     D                ttf.c:287  alloc_glyph_region               [   2.60693] Locking glyph region: 00000000027b1490 24 12 12 12
font     D                ttf.c:167  unlock_current_page              [   2.60699] Unlocking page: 00000000027b1490
font     D                ttf.c:243  alloc_glyph_region               [   2.60744] Glyph 47: 14x9 (16x12)
font     D                ttf.c:287  alloc_glyph_region               [   2.60749] Locking glyph region: 00000000027b1490 36 12 16 12
font     D                ttf.c:167  unlock_current_page              [   2.60781] Unlocking page: 00000000027b1490
font     D                ttf.c:243  alloc_glyph_region               [   2.60809] Glyph 90: 12x9 (12x12)
font     D                ttf.c:287  alloc_glyph_region               [   2.60814] Locking glyph region: 00000000027b1490 52 12 12 12
font     D                ttf.c:167  unlock_current_page              [   2.60819] Unlocking page: 00000000027b1490
font     D                ttf.c:243  alloc_glyph_region               [   2.60866] Glyph 23: 10x9 (12x12)
font     D                ttf.c:287  alloc_glyph_region               [   2.60870] Locking glyph region: 00000000027b1490 64 12 12 12
font     D                ttf.c:167  unlock_current_page              [   2.60875] Unlocking page: 00000000027b1490
font     D                ttf.c:243  alloc_glyph_region               [   2.60890] Glyph 18: 11x9 (12x12)
font     D                ttf.c:287  alloc_glyph_region               [   2.60894] Locking glyph region: 00000000027b1490 76 12 12 12
font     D                ttf.c:167  unlock_current_page              [   2.60899] Unlocking page: 00000000027b1490
font     D                ttf.c:243  alloc_glyph_region               [   2.60919] Glyph 21: 10x9 (12x12)
font     D                ttf.c:287  alloc_glyph_region               [   2.60923] Locking glyph region: 00000000027b1490 88 12 12 12
font     D                ttf.c:167  unlock_current_page              [   2.60930] Unlocking page: 00000000027b1490
d3d      D          d3d_bmp.cpp:539  _al_d3d_sync_bitmap              [   2.61004] _al_d3d_sync_bitmap (system) ref count == 1
d3d      D          d3d_bmp.cpp:545  _al_d3d_sync_bitmap              [   2.61009] _al_d3d_sync_bitmap (video) ref count == 1
d3d      D          d3d_bmp.cpp:539  _al_d3d_sync_bitmap              [   2.61440] _al_d3d_sync_bitmap (system) ref count == 1
d3d      D          d3d_bmp.cpp:545  _al_d3d_sync_bitmap              [   2.61452] _al_d3d_sync_bitmap (video) ref count == 1
d3d      D          d3d_bmp.cpp:539  _al_d3d_sync_bitmap              [   2.61512] _al_d3d_sync_bitmap (system) ref count == 1
d3d      D          d3d_bmp.cpp:545  _al_d3d_sync_bitmap              [   2.61518] _al_d3d_sync_bitmap (video) ref count == 1
d3d      D          d3d_bmp.cpp:539  _al_d3d_sync_bitmap              [   2.61567] _al_d3d_sync_bitmap (system) ref count == 1
d3d      D          d3d_bmp.cpp:545  _al_d3d_sync_bitmap              [   2.61573] _al_d3d_sync_bitmap (video) ref count == 1
font     D                ttf.c:243  alloc_glyph_region               [   3.58635] Glyph 20: 10x9 (12x12)
font     D                ttf.c:287  alloc_glyph_region               [   3.58644] Locking glyph region: 00000000027b1490 100 12 12 12
font     D                ttf.c:167  unlock_current_page              [   3.58648] Unlocking page: 00000000027b1490
d3d      D          d3d_bmp.cpp:539  _al_d3d_sync_bitmap              [   3.58759] _al_d3d_sync_bitmap (system) ref count == 1
d3d      D          d3d_bmp.cpp:545  _al_d3d_sync_bitmap              [   3.58767] _al_d3d_sync_bitmap (video) ref count == 1
stdio    D         file_stdio.c:110  file_stdio_fopen                 [   4.05257] opening assets/image/bullet/b5.png rb
stdio    D         file_stdio.c:110  file_stdio_fopen                 [   4.05293] opening assets/image/bullet/b5.png rb
d3d      D         d3d_disp.cpp:1202 real_choose_bitmap_format        [   4.05317] Fake format
d3d      D         d3d_disp.cpp:1202 real_choose_bitmap_format        [   4.05321] Fake format
d3d      D         d3d_disp.cpp:1202 real_choose_bitmap_format        [   4.05325] Fake format
d3d      D         d3d_disp.cpp:1202 real_choose_bitmap_format        [   4.05328] Fake format
d3d      D         d3d_disp.cpp:1202 real_choose_bitmap_format        [   4.05330] Fake format
d3d      D         d3d_disp.cpp:1202 real_choose_bitmap_format        [   4.05332] Fake format
d3d      D         d3d_disp.cpp:1202 real_choose_bitmap_format        [   4.05335] Fake format
d3d      D         d3d_disp.cpp:1202 real_choose_bitmap_format        [   4.05337] Fake format
d3d      D         d3d_disp.cpp:1202 real_choose_bitmap_format        [   4.05340] Fake format
d3d      D         d3d_disp.cpp:1210 real_choose_bitmap_format        [   4.05342] Alpha doesn't match
d3d      D         d3d_disp.cpp:1217 real_choose_bitmap_format        [   4.05345] Adapter format is 23
d3d      D         d3d_disp.cpp:1220 real_choose_bitmap_format        [   4.05348] Found a format
d3d      I         d3d_disp.cpp:2391 d3d_create_bitmap                [   4.05351] Chose bitmap format 9
dtor     D               dtor.c:196  _al_register_destructor          [   4.05384] added dtor for bitmap 000000000b7e4140, func 00007ff8ae951bea
font     D                ttf.c:243  alloc_glyph_region               [   4.06037] Glyph 22: 11x9 (12x12)
font     D                ttf.c:287  alloc_glyph_region               [   4.06049] Locking glyph region: 00000000027b1490 112 12 12 12
font     D                ttf.c:167  unlock_current_page              [   4.06056] Unlocking page: 00000000027b1490
d3d      D          d3d_bmp.cpp:539  _al_d3d_sync_bitmap              [   4.06106] _al_d3d_sync_bitmap (system) ref count == 1
d3d      D          d3d_bmp.cpp:545  _al_d3d_sync_bitmap              [   4.06111] _al_d3d_sync_bitmap (video) ref count == 1
d3d      D          d3d_bmp.cpp:539  _al_d3d_sync_bitmap              [   4.06162] _al_d3d_sync_bitmap (system) ref count == 1
d3d      D          d3d_bmp.cpp:545  _al_d3d_sync_bitmap              [   4.06168] _al_d3d_sync_bitmap (video) ref count == 1
font     D                ttf.c:243  alloc_glyph_region               [  12.90394] Glyph 24: 11x9 (12x12)
font     D                ttf.c:287  alloc_glyph_region               [  12.90403] Locking glyph region: 00000000027b1490 124 12 12 12
font     D                ttf.c:167  unlock_current_page              [  12.90410] Unlocking page: 00000000027b1490
d3d      D          d3d_bmp.cpp:539  _al_d3d_sync_bitmap              [  12.90602] _al_d3d_sync_bitmap (system) ref count == 1
d3d      D          d3d_bmp.cpp:545  _al_d3d_sync_bitmap              [  12.90609] _al_d3d_sync_bitmap (video) ref count == 1
font     D                ttf.c:243  alloc_glyph_region               [  13.23907] Glyph 26: 11x9 (12x12)
font     D                ttf.c:287  alloc_glyph_region               [  13.23930] Locking glyph region: 00000000027b1490 136 12 12 12
font     D                ttf.c:167  unlock_current_page              [  13.23948] Unlocking page: 00000000027b1490
d3d      D          d3d_bmp.cpp:539  _al_d3d_sync_bitmap              [  13.24090] _al_d3d_sync_bitmap (system) ref count == 1
d3d      D          d3d_bmp.cpp:545  _al_d3d_sync_bitmap              [  13.24104] _al_d3d_sync_bitmap (video) ref count == 1
font     D                ttf.c:243  alloc_glyph_region               [  13.57269] Glyph 27: 11x9 (12x12)
font     D                ttf.c:287  alloc_glyph_region               [  13.57287] Locking glyph region: 00000000027b1490 148 12 12 12
font     D                ttf.c:167  unlock_current_page              [  13.57299] Unlocking page: 00000000027b1490
d3d      D          d3d_bmp.cpp:539  _al_d3d_sync_bitmap              [  13.57454] _al_d3d_sync_bitmap (system) ref count == 1
d3d      D          d3d_bmp.cpp:545  _al_d3d_sync_bitmap              [  13.57472] _al_d3d_sync_bitmap (video) ref count == 1
font     D                ttf.c:243  alloc_glyph_region               [  15.23785] Glyph 25: 11x9 (12x12)
font     D                ttf.c:287  alloc_glyph_region               [  15.23795] Locking glyph region: 00000000027b1490 160 12 12 12
font     D                ttf.c:167  unlock_current_page              [  15.23802] Unlocking page: 00000000027b1490
d3d      D          d3d_bmp.cpp:539  _al_d3d_sync_bitmap              [  15.23880] _al_d3d_sync_bitmap (system) ref count == 1
d3d      D          d3d_bmp.cpp:545  _al_d3d_sync_bitmap              [  15.23889] _al_d3d_sync_bitmap (video) ref count == 1
dtor     D               dtor.c:227  _al_unregister_destructor        [  43.93845] removed dtor for queue 00000000027baea0
d3d      I         d3d_disp.cpp:915  d3d_destroy_display              [  43.93863] destroying display 00000000027a3fd0 (current 0000000000000000)
bitmap   D        bitmap_type.c:308  _al_convert_to_memory_bitmap     [  43.94636] converting display bitmap 000000000b7e4140 to memory bitmap
dtor     D               dtor.c:196  _al_register_destructor          [  43.94662] added dtor for bitmap 000000000b7e3f10, func 00007ff8ae951bea
d3d      D          d3d_bmp.cpp:539  _al_d3d_sync_bitmap              [  43.94674] _al_d3d_sync_bitmap (system) ref count == 1
d3d      D          d3d_bmp.cpp:545  _al_d3d_sync_bitmap              [  43.94682] _al_d3d_sync_bitmap (video) ref count == 1
dtor     D               dtor.c:227  _al_unregister_destructor        [  43.94791] removed dtor for bitmap 000000000b7e3f10
bitmap   D        bitmap_type.c:308  _al_convert_to_memory_bitmap     [  43.94843] converting display bitmap 00000000027b1490 to memory bitmap
dtor     D               dtor.c:196  _al_register_destructor          [  43.94864] added dtor for bitmap 000000000b7e3f10, func 00007ff8ae951bea
d3d      D          d3d_bmp.cpp:539  _al_d3d_sync_bitmap              [  43.94876] _al_d3d_sync_bitmap (system) ref count == 1
d3d      D          d3d_bmp.cpp:545  _al_d3d_sync_bitmap              [  43.94883] _al_d3d_sync_bitmap (video) ref count == 1
dtor     D               dtor.c:227  _al_unregister_destructor        [  43.94997] removed dtor for bitmap 000000000b7e3f10
bitmap   D        bitmap_type.c:308  _al_convert_to_memory_bitmap     [  43.95049] converting display bitmap 00000000027e9260 to memory bitmap
dtor     D               dtor.c:196  _al_register_destructor          [  43.95064] added dtor for bitmap 000000000b7e3f10, func 00007ff8ae951bea
d3d      D          d3d_bmp.cpp:539  _al_d3d_sync_bitmap              [  43.95078] _al_d3d_sync_bitmap (system) ref count == 1
d3d      D          d3d_bmp.cpp:545  _al_d3d_sync_bitmap              [  43.95087] _al_d3d_sync_bitmap (video) ref count == 1
dtor     D               dtor.c:227  _al_unregister_destructor        [  43.95148] removed dtor for bitmap 000000000b7e3f10
bitmap   D        bitmap_type.c:308  _al_convert_to_memory_bitmap     [  43.95175] converting display bitmap 00000000027e4110 to memory bitmap
dtor     D               dtor.c:196  _al_register_destructor          [  43.95188] added dtor for bitmap 000000000b7e3f10, func 00007ff8ae951bea
d3d      D          d3d_bmp.cpp:539  _al_d3d_sync_bitmap              [  43.95198] _al_d3d_sync_bitmap (system) ref count == 1
d3d      D          d3d_bmp.cpp:545  _al_d3d_sync_bitmap              [  43.95206] _al_d3d_sync_bitmap (video) ref count == 1
dtor     D               dtor.c:227  _al_unregister_destructor        [  43.95257] removed dtor for bitmap 000000000b7e3f10
bitmap   D        bitmap_type.c:308  _al_convert_to_memory_bitmap     [  43.95275] converting display bitmap 0000000002879870 to memory bitmap
dtor     D               dtor.c:196  _al_register_destructor          [  43.95290] added dtor for bitmap 000000000b7e3f10, func 00007ff8ae951bea
d3d      D          d3d_bmp.cpp:539  _al_d3d_sync_bitmap              [  43.95303] _al_d3d_sync_bitmap (system) ref count == 1
d3d      D          d3d_bmp.cpp:545  _al_d3d_sync_bitmap              [  43.95311] _al_d3d_sync_bitmap (video) ref count == 1
dtor     D               dtor.c:227  _al_unregister_destructor        [  43.95749] removed dtor for bitmap 000000000b7e3f10
bitmap   D        bitmap_type.c:308  _al_convert_to_memory_bitmap     [  43.95851] converting display bitmap 00000000027e9f20 to memory bitmap
dtor     D               dtor.c:196  _al_register_destructor          [  43.95863] added dtor for bitmap 000000000b7e3f10, func 00007ff8ae951bea
d3d      D          d3d_bmp.cpp:539  _al_d3d_sync_bitmap              [  43.95872] _al_d3d_sync_bitmap (system) ref count == 1
d3d      D          d3d_bmp.cpp:545  _al_d3d_sync_bitmap              [  43.95878] _al_d3d_sync_bitmap (video) ref count == 1
dtor     D               dtor.c:227  _al_unregister_destructor        [  43.96061] removed dtor for bitmap 000000000b7e3f10
d3d      D         d3d_disp.cpp:899  d3d_destroy_display_internals    [  43.96093] waiting for display 00000000027a3fd0's thread to end
d3d      W         d3d_disp.cpp:608  d3d_destroy_device               [  44.00196] d3d_destroy_device: ref count not 0
d3d      W         d3d_disp.cpp:608  d3d_destroy_device               [  44.00213] d3d_destroy_device: ref count not 0
d3d      I         d3d_disp.cpp:1562 d3d_display_thread_proc          [  44.03995] d3d display thread exits
dtor     D               dtor.c:227  _al_unregister_destructor        [  44.04195] removed dtor for bitmap 0000000002879870
dtor     D               dtor.c:227  _al_unregister_destructor        [  44.04248] removed dtor for sample_instance 00000000027c4980
dtor     D               dtor.c:227  _al_unregister_destructor        [  44.04256] removed dtor for bitmap 00000000027e4110
dtor     D               dtor.c:116  _al_run_destructors              [  44.04283] calling dtor for bitmap 000000000b7e4140, func 00007ff8ae951bea
dtor     D               dtor.c:227  _al_unregister_destructor        [  44.04290] removed dtor for bitmap 000000000b7e4140
dtor     D               dtor.c:116  _al_run_destructors              [  44.04306] calling dtor for bitmap 00000000027e9260, func 00007ff8ae951bea
dtor     D               dtor.c:227  _al_unregister_destructor        [  44.04312] removed dtor for bitmap 00000000027e9260
dtor     D               dtor.c:116  _al_run_destructors              [  44.04317] calling dtor for ttf_font 00000000027df6d0, func 00007ff8aea74c05
dtor     D               dtor.c:227  _al_unregister_destructor        [  44.04342] removed dtor for ttf_font 00000000027df6d0
dtor     D               dtor.c:116  _al_run_destructors              [  44.04366] calling dtor for bitmap 00000000027e9f20, func 00007ff8ae951bea
dtor     D               dtor.c:227  _al_unregister_destructor        [  44.04377] removed dtor for bitmap 00000000027e9f20
dtor     D               dtor.c:116  _al_run_destructors              [  44.04403] calling dtor for timer 00000000027baf70, func 00007ff8ae98fb3b
dtor     D               dtor.c:227  _al_unregister_destructor        [  44.04414] removed dtor for timer 00000000027baf70
dtor     D               dtor.c:227  _al_unregister_destructor        [  44.04419] removed dtor for sample_instance 00000000027b6d70
dtor     D               dtor.c:227  _al_unregister_destructor        [  44.04425] removed dtor for sample_instance 00000000027b6a80
dtor     D               dtor.c:227  _al_unregister_destructor        [  44.04431] removed dtor for sample_instance 00000000027b6ba0
dtor     D               dtor.c:227  _al_unregister_destructor        [  44.04436] removed dtor for sample_instance 00000000027c31a0
dtor     D               dtor.c:227  _al_unregister_destructor        [  44.04441] removed dtor for sample_instance 00000000027c32c0
dtor     D               dtor.c:227  _al_unregister_destructor        [  44.04446] removed dtor for sample_instance 00000000027c33e0
dtor     D               dtor.c:227  _al_unregister_destructor        [  44.04459] removed dtor for sample_instance 00000000027c3500
dtor     D               dtor.c:227  _al_unregister_destructor        [  44.04465] removed dtor for sample_instance 00000000027c3620
dtor     D               dtor.c:227  _al_unregister_destructor        [  44.04472] removed dtor for sample_instance 00000000027c3850
dtor     D               dtor.c:227  _al_unregister_destructor        [  44.04478] removed dtor for sample_instance 00000000027c3970
dtor     D               dtor.c:227  _al_unregister_destructor        [  44.04483] removed dtor for sample_instance 00000000027c3a90
dtor     D               dtor.c:227  _al_unregister_destructor        [  44.04488] removed dtor for sample_instance 00000000027c3bb0
dtor     D               dtor.c:227  _al_unregister_destructor        [  44.04492] removed dtor for sample_instance 00000000027c4860
dtor     D               dtor.c:227  _al_unregister_destructor        [  44.04497] removed dtor for sample_instance 00000000027c3f60
dtor     D               dtor.c:227  _al_unregister_destructor        [  44.04502] removed dtor for sample_instance 00000000027c4620
dtor     D               dtor.c:227  _al_unregister_destructor        [  44.04506] removed dtor for sample_instance 00000000027c42c0
dtor     D               dtor.c:227  _al_unregister_destructor        [  44.04517] removed dtor for sample_instance 00000000027c3d20
dtor     D               dtor.c:227  _al_unregister_destructor        [  44.04521] removed dtor for sample_instance 00000000027c3e40
dtor     D               dtor.c:227  _al_unregister_destructor        [  44.04526] removed dtor for sample_instance 00000000027c4740
dtor     D               dtor.c:227  _al_unregister_destructor        [  44.04534] removed dtor for sample_instance 00000000027c4080
dtor     D               dtor.c:227  _al_unregister_destructor        [  44.04540] removed dtor for mixer 00000000027b6840
audio-dsound D           dsound.cpp:528  _dsound_stop_voice               [  44.04545] Stopping voice
audio-dsound D           dsound.cpp:545  _dsound_stop_voice               [  44.04550] Joining thread
audio-dsound D           dsound.cpp:551  _dsound_stop_voice               [  44.04946] Joined thread
audio-dsound D           dsound.cpp:553  _dsound_stop_voice               [  44.04955] Destroying thread
audio-dsound D           dsound.cpp:555  _dsound_stop_voice               [  44.05137] Thread destroyed
audio-dsound D           dsound.cpp:562  _dsound_stop_voice               [  44.05143] Releasing buffer
audio-dsound I           dsound.cpp:566  _dsound_stop_voice               [  44.05149] Voice stopped
dtor     D               dtor.c:227  _al_unregister_destructor        [  44.05156] removed dtor for voice 00000000027abd80
audio-dsound D           dsound.cpp:380  _dsound_deallocate_voice         [  44.05162] Deallocating voice
audio-dsound D           dsound.cpp:385  _dsound_deallocate_voice         [  44.05166] Deallocated voice
dtor     D               dtor.c:116  _al_run_destructors              [  44.05171] calling dtor for sample 00000000027df7f0, func 00007ff8aea81a1d
dtor     D               dtor.c:227  _al_unregister_destructor        [  44.05177] removed dtor for sample 00000000027df7f0
audio-dsound D           dsound.cpp:296  _dsound_close                    [  44.05184] Releasing device
audio-dsound D           dsound.cpp:298  _dsound_close                    [  44.13101] Released device
audio-dsound I           dsound.cpp:299  _dsound_close                    [  44.13112] DirectSound closed
